#
# A fatal error has been detected by the Java Runtime Environment:
#
#  Internal Error (os_windows_x86.cpp:114), pid=3512, tid=3732
#  Error: guarantee(result == -1,"Unexpected result from topLevelExceptionFilter")
#
# JRE version: 6.0_17-b04
# Java VM: Java HotSpot(TM) 64-Bit Server VM (14.3-b01 mixed mode windows-amd64 )
# If you would like to submit a bug report, please visit:
#   http://java.sun.com/webapps/bugreport/crash.jsp
# The crash happened outside the Java Virtual Machine in native code.
# See problematic frame for where to report the bug.
#

---------------  T H R E A D  ---------------

Current thread (0x00000000021ef800):  JavaThread "main" [_thread_in_native, id=3732, stack(0x0000000000050000,0x0000000001550000)]

Stack: [0x0000000000050000,0x0000000001550000]
[error occurred during error reporting (printing stack bounds), id 0xc0000005]

Java frames: (J=compiled Java code, j=interpreted, Vv=VM code)
j  com.mathworks.services.Prefs.nativeGetPreferencesDirectory()Ljava/lang/String;+0
j  com.mathworks.services.Prefs.getPropertyDirectory()Ljava/lang/String;+0
j  com.mathworks.services.Prefs.load()V+15
j  com.mathworks.services.Prefs.<clinit>()V+64
v  ~StubRoutines::call_stub
j  java.lang.Class.forName0(Ljava/lang/String;ZLjava/lang/ClassLoader;)Ljava/lang/Class;+0
j  java.lang.Class.forName(Ljava/lang/String;)Ljava/lang/Class;+5
j  com.mathworks.util.PostVMInit$StartupClass.init(ZZ)V+28
j  com.mathworks.util.PostVMInit.perform(ZZ)V+26
v  ~StubRoutines::call_stub

---------------  P R O C E S S  ---------------

Java Threads: ( => current thread )
  0x00000000334a0800 JavaThread "Timer-0" [_thread_blocked, id=3704, stack(0x000000000c060000,0x000000000c0e0000)]
  0x000000003344d000 JavaThread "JMI Unnamed Thread" [_thread_in_native, id=1220, stack(0x0000000005fe0000,0x00000000074e0000)]
  0x000000000fd01000 JavaThread "Low Memory Detector" daemon [_thread_blocked, id=2736, stack(0x000000000d650000,0x000000000d6d0000)]
  0x000000000fcfb800 JavaThread "CompilerThread1" daemon [_thread_blocked, id=4080, stack(0x00000000307a0000,0x0000000031ca0000)]
  0x000000000fcf7000 JavaThread "CompilerThread0" daemon [_thread_blocked, id=2596, stack(0x000000002f150000,0x0000000030650000)]
  0x000000000fcf6000 JavaThread "Attach Listener" daemon [_thread_blocked, id=2408, stack(0x000000000aac0000,0x000000000ab40000)]
  0x000000000fcb3000 JavaThread "Finalizer" daemon [_thread_blocked, id=3428, stack(0x0000000009040000,0x00000000090c0000)]
  0x00000000022d2800 JavaThread "Reference Handler" daemon [_thread_blocked, id=3884, stack(0x0000000009340000,0x00000000093c0000)]
=>0x00000000021ef800 JavaThread "main" [_thread_in_native, id=3732, stack(0x0000000000050000,0x0000000001550000)]

Other Threads:
  0x000000000fcb1000 VMThread [stack: 0x000000002dab0000,0x000000002efb0000] [id=1648]
  0x000000000fd31000 WatcherThread [stack: 0x0000000031e70000,0x0000000033370000] [id=3280]

VM state:not at safepoint (normal execution)

VM Mutex/Monitor currently owned by a thread: None

Heap
 PSYoungGen      total 14336K, used 5341K [0x0000000027d10000, 0x0000000028d10000, 0x000000002ae10000)
  eden space 12288K, 43% used [0x0000000027d10000,0x00000000282475b8,0x0000000028910000)
  from space 2048K, 0% used [0x0000000028b10000,0x0000000028b10000,0x0000000028d10000)
  to   space 2048K, 0% used [0x0000000028910000,0x0000000028910000,0x0000000028b10000)
 PSOldGen        total 49152K, used 0K [0x000000001ea10000, 0x0000000021a10000, 0x0000000027d10000)
  object space 49152K, 0% used [0x000000001ea10000,0x000000001ea10000,0x0000000021a10000)
 PSPermGen       total 32768K, used 3370K [0x0000000016a10000, 0x0000000018a10000, 0x000000001ea10000)
  object space 32768K, 10% used [0x0000000016a10000,0x0000000016d5a8f0,0x0000000018a10000)

Dynamic libraries:
0x000000013f730000 - 0x000000013f759000 	C:\Program Files\MATLAB\R2011a\bin\win64\matlab.exe
0x00000000773a0000 - 0x0000000077549000 	C:\Windows\SYSTEM32\ntdll.dll
0x0000000077280000 - 0x000000007739f000 	C:\Windows\system32\kernel32.dll
0x000007fefd440000 - 0x000007fefd4ac000 	C:\Windows\system32\KERNELBASE.dll
0x0000000074460000 - 0x0000000074569000 	C:\Program Files\MATLAB\R2011a\bin\win64\libut.dll
0x00000000758a0000 - 0x0000000075920000 	C:\Program Files\MATLAB\R2011a\bin\win64\libmwi18n.dll
0x0000000180000000 - 0x000000018000b000 	C:\Program Files\MATLAB\R2011a\bin\win64\libmwresource_core.dll
0x0000000073be0000 - 0x0000000073cb3000 	C:\Windows\WinSxS\amd64_microsoft.vc90.crt_1fc8b3b9a1e18e3b_9.0.30729.6161_none_08e61857a83bc251\MSVCP90.dll
0x0000000073cc0000 - 0x0000000073d63000 	C:\Windows\WinSxS\amd64_microsoft.vc90.crt_1fc8b3b9a1e18e3b_9.0.30729.6161_none_08e61857a83bc251\MSVCR90.dll
0x000000007a3b0000 - 0x000000007a3c0000 	C:\Program Files\MATLAB\R2011a\bin\win64\boost_date_time-vc90-mt-1_40.dll
0x000000007a170000 - 0x000000007a189000 	C:\Program Files\MATLAB\R2011a\bin\win64\boost_filesystem-vc90-mt-1_40.dll
0x000000007a560000 - 0x000000007a569000 	C:\Program Files\MATLAB\R2011a\bin\win64\boost_system-vc90-mt-1_40.dll
0x000000007a2d0000 - 0x000000007a2e2000 	C:\Program Files\MATLAB\R2011a\bin\win64\boost_thread-vc90-mt-1_40.dll
0x000000007a010000 - 0x000000007a035000 	C:\Program Files\MATLAB\R2011a\bin\win64\LIBEXPAT.dll
0x00000000739d0000 - 0x0000000073b8c000 	C:\Program Files\MATLAB\R2011a\bin\win64\icuin42.dll
0x00000000740b0000 - 0x0000000074223000 	C:\Program Files\MATLAB\R2011a\bin\win64\icuuc42.dll
0x000007fefe2c0000 - 0x000007fefe39b000 	C:\Windows\system32\ADVAPI32.dll
0x000007feff2c0000 - 0x000007feff35f000 	C:\Windows\system32\msvcrt.dll
0x000007feff5f0000 - 0x000007feff60f000 	C:\Windows\SYSTEM32\sechost.dll
0x000007feff190000 - 0x000007feff2bd000 	C:\Windows\system32\RPCRT4.dll
0x0000000010000000 - 0x0000000010f47000 	C:\Program Files\MATLAB\R2011a\bin\win64\icudt42.dll
0x0000000073f70000 - 0x000000007407d000 	C:\Program Files\MATLAB\R2011a\bin\win64\libmwfl.dll
0x0000000001790000 - 0x0000000001823000 	C:\Program Files\MATLAB\R2011a\bin\win64\libmwMATLAB_res.dll
0x000000007a250000 - 0x000000007a263000 	C:\Program Files\MATLAB\R2011a\bin\win64\boost_signals-vc90-mt-1_40.dll
0x0000000001830000 - 0x0000000001876000 	C:\Program Files\MATLAB\R2011a\bin\win64\tbb.dll
0x000007fefdf60000 - 0x000007fefdf77000 	C:\Windows\system32\imagehlp.dll
0x0000000077570000 - 0x0000000077577000 	C:\Windows\system32\PSAPI.DLL
0x000000007a3d0000 - 0x000000007a3e3000 	C:\Program Files\MATLAB\R2011a\bin\win64\icuio42.dll
0x000007fef7ab0000 - 0x000007fef7bd5000 	C:\Windows\system32\dbghelp.dll
0x0000000077180000 - 0x000000007727a000 	C:\Windows\system32\USER32.dll
0x000007fefdad0000 - 0x000007fefdb37000 	C:\Windows\system32\GDI32.dll
0x000007fefe2b0000 - 0x000007fefe2be000 	C:\Windows\system32\LPK.dll
0x000007fefe1e0000 - 0x000007fefe2a9000 	C:\Windows\system32\USP10.dll
0x000000007bed0000 - 0x000000007c0f5000 	C:\Program Files\MATLAB\R2011a\bin\win64\libmwservices.dll
0x0000000075a20000 - 0x0000000075ab2000 	C:\Program Files\MATLAB\R2011a\bin\win64\libmx.dll
0x000000007a210000 - 0x000000007a226000 	C:\Program Files\MATLAB\R2011a\bin\win64\zlib1.dll
0x0000000074330000 - 0x000000007444b000 	C:\Program Files\MATLAB\R2011a\bin\win64\libmwmathutil.dll
0x0000000072d40000 - 0x0000000072d94000 	C:\Program Files\MATLAB\R2011a\bin\win64\mpath.dll
0x000000007b680000 - 0x000000007b982000 	C:\Program Files\MATLAB\R2011a\bin\win64\mlutil.dll
0x0000000072cb0000 - 0x0000000072d32000 	C:\Program Files\MATLAB\R2011a\bin\win64\xmlcore.dll
0x000000007bc30000 - 0x000000007be83000 	C:\Program Files\MATLAB\R2011a\bin\win64\xerces-c_2_7.dll
0x000007fefdf80000 - 0x000007fefdfcd000 	C:\Windows\system32\WS2_32.dll
0x000007fefdcf0000 - 0x000007fefdcf8000 	C:\Windows\system32\NSI.dll
0x000007fefe3a0000 - 0x000007feff128000 	C:\Windows\system32\SHELL32.dll
0x000007fefdee0000 - 0x000007fefdf51000 	C:\Windows\system32\SHLWAPI.dll
0x000007fef1e40000 - 0x000007fef1ee0000 	C:\Windows\WinSxS\amd64_microsoft.windows.common-controls_6595b64144ccf1df_5.82.7601.17514_none_a4d6a923711520a9\COMCTL32.dll
0x000007fefdb40000 - 0x000007fefdbd7000 	C:\Windows\system32\COMDLG32.dll
0x000007fefb170000 - 0x000007fefb186000 	C:\Windows\system32\NETAPI32.dll
0x000007fefc7b0000 - 0x000007fefc7bc000 	C:\Windows\system32\netutils.dll
0x000007fefcef0000 - 0x000007fefcf13000 	C:\Windows\system32\srvcli.dll
0x000007fefb150000 - 0x000007fefb165000 	C:\Windows\system32\wkscli.dll
0x000007fefdfd0000 - 0x000007fefe1d3000 	C:\Windows\system32\ole32.dll
0x000007feff510000 - 0x000007feff5e7000 	C:\Windows\system32\OLEAUT32.dll
0x0000000074970000 - 0x0000000074a34000 	C:\Program Files\MATLAB\R2011a\bin\win64\mcr.dll
0x0000000075000000 - 0x00000000750e4000 	C:\Program Files\MATLAB\R2011a\bin\win64\iqm.dll
0x000000006f1a0000 - 0x000000006f93c000 	C:\Program Files\MATLAB\R2011a\bin\win64\m_interpreter.dll
0x0000000073030000 - 0x000000007303f000 	C:\Program Files\MATLAB\R2011a\bin\win64\libmex.dll
0x0000000072270000 - 0x0000000072314000 	C:\Program Files\MATLAB\R2011a\bin\win64\m_dispatcher.dll
0x0000000074880000 - 0x0000000074945000 	C:\Program Files\MATLAB\R2011a\bin\win64\boost_regex-vc90-mt-1_40.dll
0x00000000721f0000 - 0x000000007226f000 	C:\Program Files\MATLAB\R2011a\bin\win64\profiler.dll
0x0000000079f40000 - 0x0000000079f6c000 	C:\Program Files\MATLAB\R2011a\bin\win64\libmwmathrng.dll
0x0000000073010000 - 0x0000000073030000 	C:\Program Files\MATLAB\R2011a\bin\win64\m_pcodeio.dll
0x0000000079b10000 - 0x0000000079b71000 	C:\Program Files\MATLAB\R2011a\bin\win64\m_ir.dll
0x00000000712e0000 - 0x000000007191b000 	C:\Program Files\MATLAB\R2011a\bin\win64\m_parser.dll
0x0000000072de0000 - 0x0000000072df9000 	C:\Program Files\MATLAB\R2011a\bin\win64\ir_xfmr.dll
0x0000000071090000 - 0x00000000712db000 	C:\Program Files\MATLAB\R2011a\bin\win64\mcos.dll
0x00000000730a0000 - 0x00000000730ac000 	C:\Program Files\MATLAB\R2011a\bin\win64\mtok.dll
0x0000000072db0000 - 0x0000000072ddb000 	C:\Program Files\MATLAB\R2011a\bin\win64\m_pcodegen.dll
0x0000000076160000 - 0x00000000761c2000 	C:\Program Files\MATLAB\R2011a\bin\win64\libmwspmatrix.dll
0x0000000079fb0000 - 0x0000000079fde000 	C:\Program Files\MATLAB\R2011a\bin\win64\libmwbridge.dll
0x0000000072130000 - 0x00000000721e9000 	C:\Program Files\MATLAB\R2011a\bin\win64\udd.dll
0x0000000070c20000 - 0x0000000070d61000 	C:\Program Files\MATLAB\R2011a\bin\win64\libmwgui.dll
0x0000000072c90000 - 0x0000000072ca7000 	C:\Program Files\MATLAB\R2011a\bin\win64\graphics_util.dll
0x000000006e920000 - 0x000000006f1a0000 	C:\Program Files\MATLAB\R2011a\bin\win64\hg.dll
0x0000000076100000 - 0x000000007614f000 	C:\Program Files\MATLAB\R2011a\bin\win64\libmat.dll
0x0000000001a70000 - 0x0000000001c73000 	C:\Program Files\MATLAB\R2011a\bin\win64\libhdf5.dll
0x0000000071ab0000 - 0x0000000071b2b000 	C:\Program Files\MATLAB\R2011a\bin\win64\jmi.dll
0x0000000001ca0000 - 0x0000000001cae000 	C:\Program Files\MATLAB\R2011a\bin\win64\nativejava_services.dll
0x0000000072c50000 - 0x0000000072c8c000 	C:\Program Files\MATLAB\R2011a\bin\win64\libmwhardcopy.dll
0x0000000071a50000 - 0x0000000071aa8000 	C:\Program Files\MATLAB\R2011a\bin\win64\libuij.dll
0x0000000070a30000 - 0x0000000070c13000 	C:\Program Files\MATLAB\R2011a\bin\win64\hgdatatypes.dll
0x0000000071990000 - 0x0000000071a4c000 	C:\Program Files\MATLAB\R2011a\bin\win64\hgutils.dll
0x0000000071010000 - 0x000000007108c000 	C:\Program Files\MATLAB\R2011a\bin\win64\libmwlapack.dll
0x00000000720f0000 - 0x0000000072102000 	C:\Program Files\MATLAB\R2011a\bin\win64\libmwbinder.dll
0x0000000073000000 - 0x000000007300b000 	C:\Program Files\MATLAB\R2011a\bin\win64\libmwompwrapper.dll
0x0000000001d30000 - 0x0000000001ff4000 	C:\Program Files\MATLAB\R2011a\bin\win64\uiw.dll
0x0000000072da0000 - 0x0000000072daa000 	C:\Program Files\MATLAB\R2011a\bin\win64\uinone.dll
0x00000000702a0000 - 0x0000000070784000 	C:\Windows\WinSxS\amd64_microsoft.vc90.mfc_1fc8b3b9a1e18e3b_9.0.30729.6161_none_044aad0bab1eb146\mfc90.dll
0x000007fef75d0000 - 0x000007fef75d7000 	C:\Windows\system32\MSIMG32.dll
0x000007fefa460000 - 0x000007fefa4d1000 	C:\Windows\system32\WINSPOOL.DRV
0x0000000070980000 - 0x0000000070a29000 	C:\Program Files\MATLAB\R2011a\bin\win64\udd_mi.dll
0x00000000720a0000 - 0x00000000720bb000 	C:\Program Files\MATLAB\R2011a\bin\win64\mwoles05.DLL
0x0000000070fa0000 - 0x000000007100e000 	C:\Program Files\MATLAB\R2011a\bin\win64\comcli.dll
0x0000000002050000 - 0x000000000207f000 	C:\Windows\WinSxS\amd64_microsoft.vc90.atl_1fc8b3b9a1e18e3b_9.0.30729.6161_none_0a1fd3a3a768b895\ATL90.DLL
0x00000000720d0000 - 0x00000000720dc000 	C:\Program Files\MATLAB\R2011a\bin\win64\mlautoregister.dll
0x0000000002090000 - 0x000000000209d000 	C:\Program Files\MATLAB\R2011a\bin\win64\boost_iostreams-vc90-mt-1_40.dll
0x000007feff360000 - 0x000007feff38e000 	C:\Windows\system32\IMM32.DLL
0x000007fefdbe0000 - 0x000007fefdce9000 	C:\Windows\system32\MSCTF.dll
0x000007fefbea0000 - 0x000007fefbef6000 	C:\Windows\system32\UxTheme.dll
0x000007fefb690000 - 0x000007fefb6a8000 	C:\Windows\system32\dwmapi.dll
0x0000000074310000 - 0x000000007431d000 	C:\Windows\WinSxS\amd64_microsoft.vc90.mfcloc_1fc8b3b9a1e18e3b_9.0.30729.6161_none_01c9581e60cbee58\MFC90ENU.DLL
0x0000000002310000 - 0x0000000002339000 	C:\Program Files\MATLAB\R2011a\bin\win64\tbbmalloc.dll
0x000007fefd2f0000 - 0x000007fefd2ff000 	C:\Windows\system32\profapi.dll
0x00000000720c0000 - 0x00000000720c3000 	C:\Windows\system32\icmp.Dll
0x000007fefaf70000 - 0x000007fefaf97000 	C:\Windows\system32\iphlpapi.DLL
0x000007fefaf60000 - 0x000007fefaf6b000 	C:\Windows\system32\WINNSI.DLL
0x000007fefcfc0000 - 0x000007fefcfe5000 	C:\Windows\system32\SspiCli.dll
0x000007fefb560000 - 0x000007fefb575000 	C:\Windows\system32\NLAapi.dll
0x000007fef88d0000 - 0x000007fef88e5000 	C:\Windows\system32\napinsp.dll
0x000007fef87a0000 - 0x000007fef87b9000 	C:\Windows\system32\pnrpnsp.dll
0x000007fefcb20000 - 0x000007fefcb75000 	C:\Windows\System32\mswsock.dll
0x000007fefc9a0000 - 0x000007fefc9fb000 	C:\Windows\system32\DNSAPI.dll
0x000007fef8410000 - 0x000007fef841b000 	C:\Windows\System32\winrnr.dll
0x000007fefab70000 - 0x000007fefabc3000 	C:\Windows\System32\fwpuclnt.dll
0x000007fef8c70000 - 0x000007fef8c78000 	C:\Windows\system32\rasadhlp.dll
0x000007fefc510000 - 0x000007fefc517000 	C:\Windows\System32\wshtcpip.dll
0x000007fefab40000 - 0x000007fefab51000 	C:\Windows\system32\dhcpcsvc6.DLL
0x000007fefab20000 - 0x000007fefab38000 	C:\Windows\system32\dhcpcsvc.DLL
0x000007fefd1e0000 - 0x000007fefd1ef000 	C:\Windows\system32\CRYPTBASE.dll
0x000007fefd680000 - 0x000007fefd6b6000 	C:\Windows\system32\CFGMGR32.dll
0x0000000078870000 - 0x0000000078ecd000 	C:\Program Files\MATLAB\R2011a\sys\java\jre\win64\jre\bin\server\jvm.dll
0x000007fef9890000 - 0x000007fef98cb000 	C:\Windows\system32\WINMM.dll
0x000000007a440000 - 0x000000007a44e000 	C:\Program Files\MATLAB\R2011a\sys\java\jre\win64\jre\bin\verify.dll
0x000000007a070000 - 0x000000007a097000 	C:\Program Files\MATLAB\R2011a\sys\java\jre\win64\jre\bin\java.dll
0x000000007a540000 - 0x000000007a54a000 	C:\Program Files\MATLAB\R2011a\sys\java\jre\win64\jre\bin\hpi.dll
0x000000007a370000 - 0x000000007a382000 	C:\Program Files\MATLAB\R2011a\sys\java\jre\win64\jre\bin\zip.dll
0x0000000075b90000 - 0x0000000075bfb000 	C:\Program Files\MATLAB\R2011a\sys\java\jre\win64\jre\bin\fontmanager.dll
0x0000000073150000 - 0x0000000073311000 	C:\Program Files\MATLAB\R2011a\sys\java\jre\win64\jre\bin\awt.dll

VM Arguments:
jvm_args: -Xss512k -XX:PermSize=32m -Xms64m -XX:NewRatio=3 -XX:MaxPermSize=128m -Xmx196m -XX:MaxDirectMemorySize=2147400000 -Dsun.java2d.noddraw=true -Dsun.awt.nopixfmt=true -Xshare:off -Xrs -Dsun.awt.disableMixing=true -Djava.library.path=C:\Program Files\MATLAB\R2011a\bin\win64 vfprintf abort 
java_command: <unknown>
Launcher Type: generic

Environment Variables:
PATH=C:\Program Files (x86)\Rockwell Software\RSCommon;C:\Windows\system32;C:\Windows;C:\Windows\System32\Wbem;C:\Windows\System32\WindowsPowerShell\v1.0\;C:\Program Files\proeWildfire 5.0\bin;C:\Program Files\proeWildfire 5.0\mech\bin;C:\Program Files\MATLAB\R2011a\runtime\win64;C:\Program Files\MATLAB\R2011a\bin;C:\Program Files (x86)\SSH Communications Security\SSH Secure Shell
USERNAME=olujide.jacobs
OS=Windows_NT
PROCESSOR_IDENTIFIER=Intel64 Family 6 Model 23 Stepping 6, GenuineIntel



---------------  S Y S T E M  ---------------

OS: Windows 7 Build 7601 Service Pack 1

CPU:total 2 (2 cores per cpu, 1 threads per core) family 6 model 23 stepping 6, cmov, cx8, fxsr, mmx, sse, sse2, sse3, ssse3, sse4.1

Memory: 4k page, physical 2061936k(1089760k free), swap 4123872k(2780904k free)

vm_info: Java HotSpot(TM) 64-Bit Server VM (14.3-b01) for windows-amd64 JRE (1.6.0_17-b04), built on Oct 11 2009 00:46:08 by "java_re" with MS VC++ 8.0

time: Thu Apr 19 14:48:07 2012
elapsed time: 0 seconds

